[20:01:29] [main/INFO] [GradleStart]: username: iiscornii@live.de
[20:01:29] [main/INFO] [GradleStart]: Extra: []
[20:01:29] [main/INFO] [GradleStart]: Password found, attempting login
[20:01:30] [main/INFO] [GradleStart]: Login Succesful!
[20:01:30] [main/INFO] [GradleStart]: Running with arguments: [--userProperties, {}, --assetsDir, C:/Users/Scorn/.gradle/caches/minecraft/assets, --assetIndex, 1.7.10, --userType, mojang, --accessToken, {REDACTED}, --version, 1.7.10, --uuid, 4215588c4bcc450a959a5b31b1ab6a59, --username, IIScornII, --tweakClass, cpw.mods.fml.common.launcher.FMLTweaker, --tweakClass, net.minecraftforge.gradle.tweakers.CoremodTweaker]
[20:01:30] [main/INFO] [LaunchWrapper]: Loading tweak class name cpw.mods.fml.common.launcher.FMLTweaker
[20:01:30] [main/INFO] [LaunchWrapper]: Using primary tweak class name cpw.mods.fml.common.launcher.FMLTweaker
[20:01:30] [main/INFO] [LaunchWrapper]: Loading tweak class name net.minecraftforge.gradle.tweakers.CoremodTweaker
[20:01:30] [main/INFO] [LaunchWrapper]: Calling tweak class cpw.mods.fml.common.launcher.FMLTweaker
[20:26:27] [main/INFO] [GradleStart]: username: iiscornii@live.de
[20:26:27] [main/INFO] [GradleStart]: Extra: []
[20:26:27] [main/INFO] [GradleStart]: Password found, attempting login
[20:26:28] [main/INFO] [GradleStart]: Login Succesful!
[20:26:28] [main/INFO] [GradleStart]: Running with arguments: [--userProperties, {}, --assetsDir, C:/Users/Scorn/.gradle/caches/minecraft/assets, --assetIndex, 1.7.10, --userType, mojang, --accessToken, {REDACTED}, --version, 1.7.10, --uuid, 4215588c4bcc450a959a5b31b1ab6a59, --username, IIScornII, --tweakClass, cpw.mods.fml.common.launcher.FMLTweaker, --tweakClass, net.minecraftforge.gradle.tweakers.CoremodTweaker]
[20:26:28] [main/INFO] [LaunchWrapper]: Loading tweak class name cpw.mods.fml.common.launcher.FMLTweaker
[20:26:28] [main/INFO] [LaunchWrapper]: Using primary tweak class name cpw.mods.fml.common.launcher.FMLTweaker
[20:26:28] [main/INFO] [LaunchWrapper]: Loading tweak class name net.minecraftforge.gradle.tweakers.CoremodTweaker
[20:26:28] [main/INFO] [LaunchWrapper]: Calling tweak class cpw.mods.fml.common.launcher.FMLTweaker
[13:06:16] [main/INFO] [GradleStart]: username: iiscornii@live.de
[13:06:16] [main/INFO] [GradleStart]: Extra: []
[13:06:16] [main/INFO] [GradleStart]: Password found, attempting login
[13:06:17] [main/INFO] [GradleStart]: Login Succesful!
[13:06:17] [main/INFO] [GradleStart]: Running with arguments: [--userProperties, {}, --assetsDir, C:/Users/Scorn/.gradle/caches/minecraft/assets, --assetIndex, 1.7.10, --userType, mojang, --accessToken, {REDACTED}, --version, 1.7.10, --uuid, 4215588c4bcc450a959a5b31b1ab6a59, --username, IIScornII, --tweakClass, cpw.mods.fml.common.launcher.FMLTweaker, --tweakClass, net.minecraftforge.gradle.tweakers.CoremodTweaker]
[13:06:17] [main/INFO] [LaunchWrapper]: Loading tweak class name cpw.mods.fml.common.launcher.FMLTweaker
[13:06:17] [main/INFO] [LaunchWrapper]: Using primary tweak class name cpw.mods.fml.common.launcher.FMLTweaker
[13:06:17] [main/INFO] [LaunchWrapper]: Loading tweak class name net.minecraftforge.gradle.tweakers.CoremodTweaker
[13:06:17] [main/INFO] [LaunchWrapper]: Calling tweak class cpw.mods.fml.common.launcher.FMLTweaker
